<?xml version="1.0" encoding="UTF-8"?>
<testsuite xmlns:xsi="http://www.w3.org/2001/XMLSchema-instance" xsi:noNamespaceSchemaLocation="https://maven.apache.org/surefire/maven-surefire-plugin/xsd/surefire-test-report.xsd" name="com.example.AppTest" time="0.122" tests="1" errors="0" skipped="0" failures="0">
  <properties>
    <property name="java.specification.version" value="24"/>
    <property name="sun.cpu.isalist" value="amd64"/>
    <property name="sun.jnu.encoding" value="Cp1252"/>
    <property name="java.class.path" value="C:\Users\Test\learnlib-demo\target\test-classes;C:\Users\Test\learnlib-demo\target\classes;C:\Users\Test\.m2\repository\junit\junit\4.11\junit-4.11.jar;C:\Users\Test\.m2\repository\org\hamcrest\hamcrest-core\1.3\hamcrest-core-1.3.jar;C:\Users\Test\.m2\repository\de\learnlib\learnlib-aaar\0.18.0\learnlib-aaar-0.18.0.jar;C:\Users\Test\.m2\repository\net\automatalib\automata-api\0.12.0\automata-api-0.12.0.jar;C:\Users\Test\.m2\repository\net\automatalib\automata-commons-util\0.12.0\automata-commons-util-0.12.0.jar;C:\Users\Test\.m2\repository\net\automatalib\automata-core\0.12.0\automata-core-0.12.0.jar;C:\Users\Test\.m2\repository\de\learnlib\learnlib-adt\0.18.0\learnlib-adt-0.18.0.jar;C:\Users\Test\.m2\repository\net\automatalib\automata-commons-smartcollections\0.12.0\automata-commons-smartcollections-0.12.0.jar;C:\Users\Test\.m2\repository\net\automatalib\automata-util\0.12.0\automata-util-0.12.0.jar;C:\Users\Test\.m2\repository\de\learnlib\learnlib-dhc\0.18.0\learnlib-dhc-0.18.0.jar;C:\Users\Test\.m2\repository\de\learnlib\learnlib-kearns-vazirani\0.18.0\learnlib-kearns-vazirani-0.18.0.jar;C:\Users\Test\.m2\repository\de\learnlib\learnlib-lambda\0.18.0\learnlib-lambda-0.18.0.jar;C:\Users\Test\.m2\repository\de\learnlib\learnlib-lsharp\0.18.0\learnlib-lsharp-0.18.0.jar;C:\Users\Test\.m2\repository\de\learnlib\learnlib-lstar\0.18.0\learnlib-lstar-0.18.0.jar;C:\Users\Test\.m2\repository\de\learnlib\learnlib-nlstar\0.18.0\learnlib-nlstar-0.18.0.jar;C:\Users\Test\.m2\repository\de\learnlib\learnlib-observation-pack\0.18.0\learnlib-observation-pack-0.18.0.jar;C:\Users\Test\.m2\repository\de\learnlib\learnlib-observation-pack-vpa\0.18.0\learnlib-observation-pack-vpa-0.18.0.jar;C:\Users\Test\.m2\repository\de\learnlib\learnlib-procedural\0.18.0\learnlib-procedural-0.18.0.jar;C:\Users\Test\.m2\repository\de\learnlib\learnlib-ttt\0.18.0\learnlib-ttt-0.18.0.jar;C:\Users\Test\.m2\repository\de\learnlib\learnlib-ttt-vpa\0.18.0\learnlib-ttt-vpa-0.18.0.jar;C:\Users\Test\.m2\repository\de\learnlib\learnlib-ostia\0.18.0\learnlib-ostia-0.18.0.jar;C:\Users\Test\.m2\repository\de\learnlib\learnlib-rpni\0.18.0\learnlib-rpni-0.18.0.jar;C:\Users\Test\.m2\repository\de\learnlib\learnlib-api\0.18.0\learnlib-api-0.18.0.jar;C:\Users\Test\.m2\repository\de\learnlib\learnlib-counterexamples\0.18.0\learnlib-counterexamples-0.18.0.jar;C:\Users\Test\.m2\repository\de\learnlib\learnlib-datastructures\0.18.0\learnlib-datastructures-0.18.0.jar;C:\Users\Test\.m2\repository\de\learnlib\learnlib-settings\0.18.0\learnlib-settings-0.18.0.jar;C:\Users\Test\.m2\repository\net\automatalib\automata-commons-settings\0.12.0\automata-commons-settings-0.12.0.jar;C:\Users\Test\.m2\repository\de\learnlib\learnlib-util\0.18.0\learnlib-util-0.18.0.jar;C:\Users\Test\.m2\repository\de\learnlib\learnlib-drivers-basic\0.18.0\learnlib-drivers-basic-0.18.0.jar;C:\Users\Test\.m2\repository\de\learnlib\learnlib-mapper\0.18.0\learnlib-mapper-0.18.0.jar;C:\Users\Test\.m2\repository\de\learnlib\learnlib-drivers-simulator\0.18.0\learnlib-drivers-simulator-0.18.0.jar;C:\Users\Test\.m2\repository\de\learnlib\learnlib-cache\0.18.0\learnlib-cache-0.18.0.jar;C:\Users\Test\.m2\repository\net\automatalib\automata-incremental\0.12.0\automata-incremental-0.12.0.jar;C:\Users\Test\.m2\repository\de\learnlib\learnlib-reuse\0.18.0\learnlib-reuse-0.18.0.jar;C:\Users\Test\.m2\repository\de\learnlib\learnlib-statistics\0.18.0\learnlib-statistics-0.18.0.jar;C:\Users\Test\.m2\repository\de\learnlib\learnlib-emptiness-oracles\0.18.0\learnlib-emptiness-oracles-0.18.0.jar;C:\Users\Test\.m2\repository\de\learnlib\learnlib-equivalence-oracles\0.18.0\learnlib-equivalence-oracles-0.18.0.jar;C:\Users\Test\.m2\repository\de\learnlib\learnlib-membership-oracles\0.18.0\learnlib-membership-oracles-0.18.0.jar;C:\Users\Test\.m2\repository\de\learnlib\learnlib-parallelism\0.18.0\learnlib-parallelism-0.18.0.jar;C:\Users\Test\.m2\repository\de\learnlib\learnlib-property-oracles\0.18.0\learnlib-property-oracles-0.18.0.jar;C:\Users\Test\.m2\repository\net\automatalib\automata-brics\0.12.0\automata-brics-0.12.0.jar;C:\Users\Test\.m2\repository\net\automatalib\automata-modelchecking-ltsmin\0.12.0\automata-modelchecking-ltsmin-0.12.0.jar;C:\Users\Test\.m2\repository\net\automatalib\automata-modelchecking-m3c\0.12.0\automata-modelchecking-m3c-0.12.0.jar;C:\Users\Test\.m2\repository\info\scce\addlib-core\3.1.0\addlib-core-3.1.0.jar;C:\Users\Test\.m2\repository\info\scce\addlib-api\3.1.0\addlib-api-3.1.0.jar;C:\Users\Test\.m2\repository\info\scce\addlib-util\3.1.0\addlib-util-3.1.0.jar;C:\Users\Test\.m2\repository\org\ejml\ejml-core\0.41\ejml-core-0.41.jar;C:\Users\Test\.m2\repository\org\ejml\ejml-ddense\0.41\ejml-ddense-0.41.jar;C:\Users\Test\.m2\repository\org\antlr\antlr4-runtime\4.5\antlr4-runtime-4.5.jar;C:\Users\Test\.m2\repository\org\abego\treelayout\org.abego.treelayout.core\1.0.1\org.abego.treelayout.core-1.0.1.jar;C:\Users\Test\.m2\repository\org\checkerframework\checker-qual\3.21.3\checker-qual-3.21.3.jar;C:\Users\Test\.m2\repository\net\automatalib\automata-serialization-aut\0.12.0\automata-serialization-aut-0.12.0.jar;C:\Users\Test\.m2\repository\net\automatalib\automata-serialization-ba\0.12.0\automata-serialization-ba-0.12.0.jar;C:\Users\Test\.m2\repository\net\automatalib\automata-serialization-dot\0.12.0\automata-serialization-dot-0.12.0.jar;C:\Users\Test\.m2\repository\net\automatalib\automata-serialization-etf\0.12.0\automata-serialization-etf-0.12.0.jar;C:\Users\Test\.m2\repository\net\automatalib\automata-serialization-fsm\0.12.0\automata-serialization-fsm-0.12.0.jar;C:\Users\Test\.m2\repository\net\automatalib\automata-serialization-learnlibv2\0.12.0\automata-serialization-learnlibv2-0.12.0.jar;C:\Users\Test\.m2\repository\net\automatalib\automata-serialization-saf\0.12.0\automata-serialization-saf-0.12.0.jar;C:\Users\Test\.m2\repository\net\automatalib\automata-serialization-taf\0.12.0\automata-serialization-taf-0.12.0.jar;C:\Users\Test\.m2\repository\net\automatalib\automata-dot-visualizer\0.12.0\automata-dot-visualizer-0.12.0.jar;C:\Users\Test\.m2\repository\net\automatalib\automata-jung-visualizer\0.12.0\automata-jung-visualizer-0.12.0.jar;C:\Users\Test\.m2\repository\com\github\misberner\graphviz-awt-shapes\graphviz-awt-shapes\0.0.1\graphviz-awt-shapes-0.0.1.jar;C:\Users\Test\.m2\repository\com\google\guava\guava\33.4.0-jre\guava-33.4.0-jre.jar;C:\Users\Test\.m2\repository\com\google\guava\failureaccess\1.0.2\failureaccess-1.0.2.jar;C:\Users\Test\.m2\repository\com\google\guava\listenablefuture\9999.0-empty-to-avoid-conflict-with-guava\listenablefuture-9999.0-empty-to-avoid-conflict-with-guava.jar;C:\Users\Test\.m2\repository\com\google\code\findbugs\jsr305\3.0.2\jsr305-3.0.2.jar;C:\Users\Test\.m2\repository\com\google\errorprone\error_prone_annotations\2.36.0\error_prone_annotations-2.36.0.jar;C:\Users\Test\.m2\repository\com\google\j2objc\j2objc-annotations\3.0.0\j2objc-annotations-3.0.0.jar;C:\Users\Test\.m2\repository\net\sf\jung\jung-algorithms\2.1.1\jung-algorithms-2.1.1.jar;C:\Users\Test\.m2\repository\net\sf\jung\jung-api\2.1.1\jung-api-2.1.1.jar;C:\Users\Test\.m2\repository\net\sf\jung\jung-graph-impl\2.1.1\jung-graph-impl-2.1.1.jar;C:\Users\Test\.m2\repository\net\sf\jung\jung-visualization\2.1.1\jung-visualization-2.1.1.jar;C:\Users\Test\.m2\repository\org\slf4j\slf4j-simple\1.7.30\slf4j-simple-1.7.30.jar;C:\Users\Test\.m2\repository\org\slf4j\slf4j-api\1.7.30\slf4j-api-1.7.30.jar;"/>
    <property name="java.vm.vendor" value="Oracle Corporation"/>
    <property name="sun.arch.data.model" value="64"/>
    <property name="user.variant" value=""/>
    <property name="java.vendor.url" value="https://java.oracle.com/"/>
    <property name="user.timezone" value="Europe/Berlin"/>
    <property name="user.country.format" value="DE"/>
    <property name="os.name" value="Windows 10"/>
    <property name="java.vm.specification.version" value="24"/>
    <property name="sun.java.launcher" value="SUN_STANDARD"/>
    <property name="user.country" value="KR"/>
    <property name="sun.boot.library.path" value="C:\Program Files\Java\jdk-24\bin"/>
    <property name="sun.java.command" value="C:\Users\Test\AppData\Local\Temp\surefire954553215284526470\surefirebooter681346443635310723.jar C:\Users\Test\AppData\Local\Temp\surefire954553215284526470 2025-05-11T14-51-19_226-jvmRun1 surefire16916867036523485455tmp surefire_011206869920972427762tmp"/>
    <property name="jdk.debug" value="release"/>
    <property name="surefire.test.class.path" value="C:\Users\Test\learnlib-demo\target\test-classes;C:\Users\Test\learnlib-demo\target\classes;C:\Users\Test\.m2\repository\junit\junit\4.11\junit-4.11.jar;C:\Users\Test\.m2\repository\org\hamcrest\hamcrest-core\1.3\hamcrest-core-1.3.jar;C:\Users\Test\.m2\repository\de\learnlib\learnlib-aaar\0.18.0\learnlib-aaar-0.18.0.jar;C:\Users\Test\.m2\repository\net\automatalib\automata-api\0.12.0\automata-api-0.12.0.jar;C:\Users\Test\.m2\repository\net\automatalib\automata-commons-util\0.12.0\automata-commons-util-0.12.0.jar;C:\Users\Test\.m2\repository\net\automatalib\automata-core\0.12.0\automata-core-0.12.0.jar;C:\Users\Test\.m2\repository\de\learnlib\learnlib-adt\0.18.0\learnlib-adt-0.18.0.jar;C:\Users\Test\.m2\repository\net\automatalib\automata-commons-smartcollections\0.12.0\automata-commons-smartcollections-0.12.0.jar;C:\Users\Test\.m2\repository\net\automatalib\automata-util\0.12.0\automata-util-0.12.0.jar;C:\Users\Test\.m2\repository\de\learnlib\learnlib-dhc\0.18.0\learnlib-dhc-0.18.0.jar;C:\Users\Test\.m2\repository\de\learnlib\learnlib-kearns-vazirani\0.18.0\learnlib-kearns-vazirani-0.18.0.jar;C:\Users\Test\.m2\repository\de\learnlib\learnlib-lambda\0.18.0\learnlib-lambda-0.18.0.jar;C:\Users\Test\.m2\repository\de\learnlib\learnlib-lsharp\0.18.0\learnlib-lsharp-0.18.0.jar;C:\Users\Test\.m2\repository\de\learnlib\learnlib-lstar\0.18.0\learnlib-lstar-0.18.0.jar;C:\Users\Test\.m2\repository\de\learnlib\learnlib-nlstar\0.18.0\learnlib-nlstar-0.18.0.jar;C:\Users\Test\.m2\repository\de\learnlib\learnlib-observation-pack\0.18.0\learnlib-observation-pack-0.18.0.jar;C:\Users\Test\.m2\repository\de\learnlib\learnlib-observation-pack-vpa\0.18.0\learnlib-observation-pack-vpa-0.18.0.jar;C:\Users\Test\.m2\repository\de\learnlib\learnlib-procedural\0.18.0\learnlib-procedural-0.18.0.jar;C:\Users\Test\.m2\repository\de\learnlib\learnlib-ttt\0.18.0\learnlib-ttt-0.18.0.jar;C:\Users\Test\.m2\repository\de\learnlib\learnlib-ttt-vpa\0.18.0\learnlib-ttt-vpa-0.18.0.jar;C:\Users\Test\.m2\repository\de\learnlib\learnlib-ostia\0.18.0\learnlib-ostia-0.18.0.jar;C:\Users\Test\.m2\repository\de\learnlib\learnlib-rpni\0.18.0\learnlib-rpni-0.18.0.jar;C:\Users\Test\.m2\repository\de\learnlib\learnlib-api\0.18.0\learnlib-api-0.18.0.jar;C:\Users\Test\.m2\repository\de\learnlib\learnlib-counterexamples\0.18.0\learnlib-counterexamples-0.18.0.jar;C:\Users\Test\.m2\repository\de\learnlib\learnlib-datastructures\0.18.0\learnlib-datastructures-0.18.0.jar;C:\Users\Test\.m2\repository\de\learnlib\learnlib-settings\0.18.0\learnlib-settings-0.18.0.jar;C:\Users\Test\.m2\repository\net\automatalib\automata-commons-settings\0.12.0\automata-commons-settings-0.12.0.jar;C:\Users\Test\.m2\repository\de\learnlib\learnlib-util\0.18.0\learnlib-util-0.18.0.jar;C:\Users\Test\.m2\repository\de\learnlib\learnlib-drivers-basic\0.18.0\learnlib-drivers-basic-0.18.0.jar;C:\Users\Test\.m2\repository\de\learnlib\learnlib-mapper\0.18.0\learnlib-mapper-0.18.0.jar;C:\Users\Test\.m2\repository\de\learnlib\learnlib-drivers-simulator\0.18.0\learnlib-drivers-simulator-0.18.0.jar;C:\Users\Test\.m2\repository\de\learnlib\learnlib-cache\0.18.0\learnlib-cache-0.18.0.jar;C:\Users\Test\.m2\repository\net\automatalib\automata-incremental\0.12.0\automata-incremental-0.12.0.jar;C:\Users\Test\.m2\repository\de\learnlib\learnlib-reuse\0.18.0\learnlib-reuse-0.18.0.jar;C:\Users\Test\.m2\repository\de\learnlib\learnlib-statistics\0.18.0\learnlib-statistics-0.18.0.jar;C:\Users\Test\.m2\repository\de\learnlib\learnlib-emptiness-oracles\0.18.0\learnlib-emptiness-oracles-0.18.0.jar;C:\Users\Test\.m2\repository\de\learnlib\learnlib-equivalence-oracles\0.18.0\learnlib-equivalence-oracles-0.18.0.jar;C:\Users\Test\.m2\repository\de\learnlib\learnlib-membership-oracles\0.18.0\learnlib-membership-oracles-0.18.0.jar;C:\Users\Test\.m2\repository\de\learnlib\learnlib-parallelism\0.18.0\learnlib-parallelism-0.18.0.jar;C:\Users\Test\.m2\repository\de\learnlib\learnlib-property-oracles\0.18.0\learnlib-property-oracles-0.18.0.jar;C:\Users\Test\.m2\repository\net\automatalib\automata-brics\0.12.0\automata-brics-0.12.0.jar;C:\Users\Test\.m2\repository\net\automatalib\automata-modelchecking-ltsmin\0.12.0\automata-modelchecking-ltsmin-0.12.0.jar;C:\Users\Test\.m2\repository\net\automatalib\automata-modelchecking-m3c\0.12.0\automata-modelchecking-m3c-0.12.0.jar;C:\Users\Test\.m2\repository\info\scce\addlib-core\3.1.0\addlib-core-3.1.0.jar;C:\Users\Test\.m2\repository\info\scce\addlib-api\3.1.0\addlib-api-3.1.0.jar;C:\Users\Test\.m2\repository\info\scce\addlib-util\3.1.0\addlib-util-3.1.0.jar;C:\Users\Test\.m2\repository\org\ejml\ejml-core\0.41\ejml-core-0.41.jar;C:\Users\Test\.m2\repository\org\ejml\ejml-ddense\0.41\ejml-ddense-0.41.jar;C:\Users\Test\.m2\repository\org\antlr\antlr4-runtime\4.5\antlr4-runtime-4.5.jar;C:\Users\Test\.m2\repository\org\abego\treelayout\org.abego.treelayout.core\1.0.1\org.abego.treelayout.core-1.0.1.jar;C:\Users\Test\.m2\repository\org\checkerframework\checker-qual\3.21.3\checker-qual-3.21.3.jar;C:\Users\Test\.m2\repository\net\automatalib\automata-serialization-aut\0.12.0\automata-serialization-aut-0.12.0.jar;C:\Users\Test\.m2\repository\net\automatalib\automata-serialization-ba\0.12.0\automata-serialization-ba-0.12.0.jar;C:\Users\Test\.m2\repository\net\automatalib\automata-serialization-dot\0.12.0\automata-serialization-dot-0.12.0.jar;C:\Users\Test\.m2\repository\net\automatalib\automata-serialization-etf\0.12.0\automata-serialization-etf-0.12.0.jar;C:\Users\Test\.m2\repository\net\automatalib\automata-serialization-fsm\0.12.0\automata-serialization-fsm-0.12.0.jar;C:\Users\Test\.m2\repository\net\automatalib\automata-serialization-learnlibv2\0.12.0\automata-serialization-learnlibv2-0.12.0.jar;C:\Users\Test\.m2\repository\net\automatalib\automata-serialization-saf\0.12.0\automata-serialization-saf-0.12.0.jar;C:\Users\Test\.m2\repository\net\automatalib\automata-serialization-taf\0.12.0\automata-serialization-taf-0.12.0.jar;C:\Users\Test\.m2\repository\net\automatalib\automata-dot-visualizer\0.12.0\automata-dot-visualizer-0.12.0.jar;C:\Users\Test\.m2\repository\net\automatalib\automata-jung-visualizer\0.12.0\automata-jung-visualizer-0.12.0.jar;C:\Users\Test\.m2\repository\com\github\misberner\graphviz-awt-shapes\graphviz-awt-shapes\0.0.1\graphviz-awt-shapes-0.0.1.jar;C:\Users\Test\.m2\repository\com\google\guava\guava\33.4.0-jre\guava-33.4.0-jre.jar;C:\Users\Test\.m2\repository\com\google\guava\failureaccess\1.0.2\failureaccess-1.0.2.jar;C:\Users\Test\.m2\repository\com\google\guava\listenablefuture\9999.0-empty-to-avoid-conflict-with-guava\listenablefuture-9999.0-empty-to-avoid-conflict-with-guava.jar;C:\Users\Test\.m2\repository\com\google\code\findbugs\jsr305\3.0.2\jsr305-3.0.2.jar;C:\Users\Test\.m2\repository\com\google\errorprone\error_prone_annotations\2.36.0\error_prone_annotations-2.36.0.jar;C:\Users\Test\.m2\repository\com\google\j2objc\j2objc-annotations\3.0.0\j2objc-annotations-3.0.0.jar;C:\Users\Test\.m2\repository\net\sf\jung\jung-algorithms\2.1.1\jung-algorithms-2.1.1.jar;C:\Users\Test\.m2\repository\net\sf\jung\jung-api\2.1.1\jung-api-2.1.1.jar;C:\Users\Test\.m2\repository\net\sf\jung\jung-graph-impl\2.1.1\jung-graph-impl-2.1.1.jar;C:\Users\Test\.m2\repository\net\sf\jung\jung-visualization\2.1.1\jung-visualization-2.1.1.jar;C:\Users\Test\.m2\repository\org\slf4j\slf4j-simple\1.7.30\slf4j-simple-1.7.30.jar;C:\Users\Test\.m2\repository\org\slf4j\slf4j-api\1.7.30\slf4j-api-1.7.30.jar;"/>
    <property name="sun.cpu.endian" value="little"/>
    <property name="user.home" value="C:\Users\Test"/>
    <property name="user.language" value="ko"/>
    <property name="java.specification.vendor" value="Oracle Corporation"/>
    <property name="java.version.date" value="2025-03-18"/>
    <property name="java.home" value="C:\Program Files\Java\jdk-24"/>
    <property name="file.separator" value="\"/>
    <property name="basedir" value="C:\Users\Test\learnlib-demo"/>
    <property name="java.vm.compressedOopsMode" value="Zero based"/>
    <property name="line.separator" value="&#10;"/>
    <property name="java.vm.specification.vendor" value="Oracle Corporation"/>
    <property name="java.specification.name" value="Java Platform API Specification"/>
    <property name="surefire.real.class.path" value="C:\Users\Test\AppData\Local\Temp\surefire954553215284526470\surefirebooter681346443635310723.jar"/>
    <property name="user.script" value=""/>
    <property name="sun.management.compiler" value="HotSpot 64-Bit Tiered Compilers"/>
    <property name="java.runtime.version" value="24+36-3646"/>
    <property name="user.name" value="Test"/>
    <property name="stdout.encoding" value="Cp1252"/>
    <property name="path.separator" value=";"/>
    <property name="os.version" value="10.0"/>
    <property name="java.runtime.name" value="Java(TM) SE Runtime Environment"/>
    <property name="file.encoding" value="UTF-8"/>
    <property name="java.vm.name" value="Java HotSpot(TM) 64-Bit Server VM"/>
    <property name="localRepository" value="C:\Users\Test\.m2\repository"/>
    <property name="java.vendor.url.bug" value="https://bugreport.java.com/bugreport/"/>
    <property name="java.io.tmpdir" value="C:\Users\Test\AppData\Local\Temp\"/>
    <property name="java.version" value="24"/>
    <property name="user.dir" value="C:\Users\Test\learnlib-demo"/>
    <property name="os.arch" value="amd64"/>
    <property name="java.vm.specification.name" value="Java Virtual Machine Specification"/>
    <property name="user.language.format" value="de"/>
    <property name="sun.os.patch.level" value=""/>
    <property name="native.encoding" value="Cp1252"/>
    <property name="java.library.path" value="C:\Program Files\Java\jdk-24\bin;C:\Windows\Sun\Java\bin;C:\Windows\system32;C:\Windows;C:\Program Files\Common Files\Oracle\Java\javapath;C:\Windows\system32;C:\Windows;C:\Windows\System32\Wbem;C:\Windows\System32\WindowsPowerShell\v1.0\;C:\Windows\System32\OpenSSH\;C:\Program Files\dotnet\;C:\Program Files\Java\jdk-24\bin\;C:\Program Files\apache-maven-3.9.9-bin\apache-maven-3.9.9\bin;C:\Program Files\Graphviz\bin;C:\Program Files\Graphviz\bin;C:\Program Files\Git\cmd;C:\Users\Test\AppData\Local\Microsoft\WindowsApps;C:\Users\Test\AppData\Local\Programs\Microsoft VS Code\bin;."/>
    <property name="java.vm.info" value="mixed mode, sharing"/>
    <property name="stderr.encoding" value="Cp1252"/>
    <property name="java.vendor" value="Oracle Corporation"/>
    <property name="java.vm.version" value="24+36-3646"/>
    <property name="sun.io.unicode.encoding" value="UnicodeLittle"/>
    <property name="java.class.version" value="68.0"/>
  </properties>
  <testcase name="shouldAnswerWithTrue" classname="com.example.AppTest" time="0.007"/>
</testsuite>